2025-10-21 15:57:00,017 - root - INFO - Namespace(seed=2025, data_name='amazon-book', data_dir='datasets/', use_pretrain=1, pretrain_embedding_dir='datasets/', pretrain_model_path='trained_models/model.pth', embed_dim=64, n_layer=3, agg='concat', n_neighbor=16, cf_batch_size=2048, test_batch_size=10000, lr=0.002, n_epoch=1, stopping_steps=10, evaluate_every=1, cf_l2loss_lambda='1e-5', laplacian_type='random-walk', Ks=[20, 40, 60, 80, 100], save_dir='trained_models/CKAN/amazon-book/dim64_layers3_concat_lr0.002_pretrain1/')
2025-10-21 15:58:20,761 - root - INFO - n_users:           70679
2025-10-21 15:58:20,762 - root - INFO - n_items:           24915
2025-10-21 15:58:20,763 - root - INFO - n_entities:        113487
2025-10-21 15:58:20,763 - root - INFO - n_users_entities:  184166
2025-10-21 15:58:20,764 - root - INFO - n_relations:       80
2025-10-21 15:58:20,765 - root - INFO - n_h_list:          6420520
2025-10-21 15:58:20,765 - root - INFO - n_t_list:          6420520
2025-10-21 15:58:20,765 - root - INFO - n_r_list:          6420520
2025-10-21 15:58:20,766 - root - INFO - n_cf_train:        652514
2025-10-21 15:58:20,766 - root - INFO - n_cf_test:         193920
2025-10-21 15:58:20,766 - root - INFO - n_kg_train:        6420520
2025-10-21 15:58:25,484 - root - INFO - CKAN(
  (core): CKANCore(
    (entity_emb): Embedding(184166, 64)
    (relation_emb): Embedding(80, 64)
    (attention): Sequential(
      (0): Linear(in_features=128, out_features=64, bias=False)
      (1): ReLU()
      (2): Linear(in_features=64, out_features=64, bias=False)
      (3): ReLU()
      (4): Linear(in_features=64, out_features=1, bias=False)
      (5): Sigmoid()
    )
  )
)
2025-10-21 16:00:52,672 - root - INFO - CF Training: Epoch 0001 | Total Iter 319 | Mean Loss 0.6934
2025-10-21 16:00:52,673 - root - INFO - Epoch 0001 | Total Time 130.8s
