2025-10-21 15:46:15,703 - root - INFO - Namespace(seed=2025, data_name='amazon-book', data_dir='datasets/', use_pretrain=1, pretrain_embedding_dir='datasets/', pretrain_model_path='trained_models/model.pth', embed_dim=64, n_layer=2, agg='sum', n_neighbor=16, cf_batch_size=1024, test_batch_size=10000, lr=0.0001, n_epoch=50, stopping_steps=10, evaluate_every=5, cf_l2loss_lambda='1e-5', laplacian_type='random-walk', Ks=[20, 40, 60, 80, 100], save_dir='trained_models/CKAN/amazon-book/dim64_layers2_sum_lr0.0001_pretrain1/')
2025-10-21 15:47:38,017 - root - INFO - n_users:           70679
2025-10-21 15:47:38,018 - root - INFO - n_items:           24915
2025-10-21 15:47:38,019 - root - INFO - n_entities:        113487
2025-10-21 15:47:38,019 - root - INFO - n_users_entities:  184166
2025-10-21 15:47:38,021 - root - INFO - n_relations:       80
2025-10-21 15:47:38,023 - root - INFO - n_h_list:          6420520
2025-10-21 15:47:38,023 - root - INFO - n_t_list:          6420520
2025-10-21 15:47:38,023 - root - INFO - n_r_list:          6420520
2025-10-21 15:47:38,024 - root - INFO - n_cf_train:        652514
2025-10-21 15:47:38,027 - root - INFO - n_cf_test:         193920
2025-10-21 15:47:38,028 - root - INFO - n_kg_train:        6420520
2025-10-21 15:47:42,884 - root - INFO - CKAN(
  (core): CKANCore(
    (entity_emb): Embedding(184166, 64)
    (relation_emb): Embedding(80, 64)
    (attention): Sequential(
      (0): Linear(in_features=128, out_features=64, bias=False)
      (1): ReLU()
      (2): Linear(in_features=64, out_features=64, bias=False)
      (3): ReLU()
      (4): Linear(in_features=64, out_features=1, bias=False)
      (5): Sigmoid()
    )
  )
)
2025-10-21 15:49:49,528 - root - INFO - CF Training: Epoch 0001 | Total Iter 638 | Mean Loss 0.6946
2025-10-21 15:49:49,529 - root - INFO - Epoch 0001 | Total Time 101.8s
2025-10-21 15:51:30,514 - root - INFO - CF Training: Epoch 0002 | Total Iter 638 | Mean Loss 0.6936
2025-10-21 15:51:30,515 - root - INFO - Epoch 0002 | Total Time 101.0s
2025-10-21 15:53:12,433 - root - INFO - CF Training: Epoch 0003 | Total Iter 638 | Mean Loss 0.6933
2025-10-21 15:53:12,434 - root - INFO - Epoch 0003 | Total Time 101.9s
2025-10-21 15:54:54,112 - root - INFO - CF Training: Epoch 0004 | Total Iter 638 | Mean Loss 0.6932
2025-10-21 15:54:54,113 - root - INFO - Epoch 0004 | Total Time 101.7s
