2025-10-21 17:41:42,220 - root - INFO - Namespace(seed=2025, data_name='last-fm', data_dir='datasets/', use_pretrain=1, pretrain_embedding_dir='datasets/', pretrain_model_path='trained_models/model.pth', embed_dim=64, n_layer=3, agg='concat', n_neighbor=16, cf_batch_size=2048, test_batch_size=10000, lr=0.002, n_epoch=1, stopping_steps=10, evaluate_every=1, cf_l2loss_lambda='1e-5', laplacian_type='random-walk', Ks=[20, 40, 60, 80, 100], save_dir='trained_models/CKAN/last-fm/dim64_layers3_concat_lr0.002_pretrain1/')
2025-10-21 17:42:25,026 - root - INFO - n_users:           23566
2025-10-21 17:42:25,027 - root - INFO - n_items:           48123
2025-10-21 17:42:25,028 - root - INFO - n_entities:        106389
2025-10-21 17:42:25,028 - root - INFO - n_users_entities:  129955
2025-10-21 17:42:25,030 - root - INFO - n_relations:       20
2025-10-21 17:42:25,031 - root - INFO - n_h_list:          3507140
2025-10-21 17:42:25,032 - root - INFO - n_t_list:          3507140
2025-10-21 17:42:25,032 - root - INFO - n_r_list:          3507140
2025-10-21 17:42:25,032 - root - INFO - n_cf_train:        1289003
2025-10-21 17:42:25,033 - root - INFO - n_cf_test:         423635
2025-10-21 17:42:25,033 - root - INFO - n_kg_train:        3507140
2025-10-21 17:42:26,558 - root - INFO - CKAN(
  (core): CKANCore(
    (entity_emb): Embedding(129955, 64)
    (relation_emb): Embedding(20, 64)
    (attention): Sequential(
      (0): Linear(in_features=128, out_features=64, bias=False)
      (1): ReLU()
      (2): Linear(in_features=64, out_features=64, bias=False)
      (3): ReLU()
      (4): Linear(in_features=64, out_features=1, bias=False)
      (5): Sigmoid()
    )
  )
)
