2025-10-21 17:45:16,436 - root - INFO - Namespace(seed=2025, data_name='last-fm', data_dir='datasets/', use_pretrain=1, pretrain_embedding_dir='datasets/', pretrain_model_path='trained_models/model.pth', embed_dim=64, n_layer=3, agg='concat', n_neighbor=16, cf_batch_size=2048, test_batch_size=10000, lr=0.002, n_epoch=1, stopping_steps=10, evaluate_every=1, cf_l2loss_lambda='1e-5', laplacian_type='random-walk', Ks=[20, 40, 60, 80, 100], save_dir='trained_models/CKAN/last-fm/dim64_layers3_concat_lr0.002_pretrain1/')
2025-10-21 17:46:03,349 - root - INFO - n_users:           23566
2025-10-21 17:46:03,352 - root - INFO - n_items:           48123
2025-10-21 17:46:03,355 - root - INFO - n_entities:        106389
2025-10-21 17:46:03,356 - root - INFO - n_users_entities:  129955
2025-10-21 17:46:03,357 - root - INFO - n_relations:       20
2025-10-21 17:46:03,359 - root - INFO - n_h_list:          3507140
2025-10-21 17:46:03,360 - root - INFO - n_t_list:          3507140
2025-10-21 17:46:03,361 - root - INFO - n_r_list:          3507140
2025-10-21 17:46:03,361 - root - INFO - n_cf_train:        1289003
2025-10-21 17:46:03,361 - root - INFO - n_cf_test:         423635
2025-10-21 17:46:03,363 - root - INFO - n_kg_train:        3507140
2025-10-21 17:46:05,053 - root - INFO - CKAN(
  (core): CKANCore(
    (entity_emb): Embedding(129955, 64)
    (relation_emb): Embedding(20, 64)
    (attention): Sequential(
      (0): Linear(in_features=128, out_features=64, bias=False)
      (1): ReLU()
      (2): Linear(in_features=64, out_features=64, bias=False)
      (3): ReLU()
      (4): Linear(in_features=64, out_features=1, bias=False)
      (5): Sigmoid()
    )
  )
)
2025-10-21 17:46:29,765 - root - INFO - CF Training: Epoch 0001 Iter 0001/0630 Loss 0.6962
2025-10-21 17:46:30,178 - root - INFO - CF Training: Epoch 0001 Iter 0002/0630 Loss 0.6954
2025-10-21 17:46:30,596 - root - INFO - CF Training: Epoch 0001 Iter 0003/0630 Loss 0.6950
2025-10-21 17:46:31,040 - root - INFO - CF Training: Epoch 0001 Iter 0004/0630 Loss 0.6949
2025-10-21 17:46:31,474 - root - INFO - CF Training: Epoch 0001 Iter 0005/0630 Loss 0.6949
2025-10-21 17:46:31,865 - root - INFO - CF Training: Epoch 0001 Iter 0006/0630 Loss 0.6949
2025-10-21 17:46:32,264 - root - INFO - CF Training: Epoch 0001 Iter 0007/0630 Loss 0.6949
2025-10-21 17:46:32,636 - root - INFO - CF Training: Epoch 0001 Iter 0008/0630 Loss 0.6948
2025-10-21 17:46:33,073 - root - INFO - CF Training: Epoch 0001 Iter 0009/0630 Loss 0.6948
2025-10-21 17:46:33,474 - root - INFO - CF Training: Epoch 0001 Iter 0010/0630 Loss 0.6947
2025-10-21 17:46:33,862 - root - INFO - CF Training: Epoch 0001 Iter 0011/0630 Loss 0.6946
2025-10-21 17:46:34,243 - root - INFO - CF Training: Epoch 0001 Iter 0012/0630 Loss 0.6945
2025-10-21 17:46:34,660 - root - INFO - CF Training: Epoch 0001 Iter 0013/0630 Loss 0.6944
2025-10-21 17:46:35,068 - root - INFO - CF Training: Epoch 0001 Iter 0014/0630 Loss 0.6944
2025-10-21 17:46:35,467 - root - INFO - CF Training: Epoch 0001 Iter 0015/0630 Loss 0.6943
2025-10-21 17:46:35,901 - root - INFO - CF Training: Epoch 0001 Iter 0016/0630 Loss 0.6943
2025-10-21 17:46:36,283 - root - INFO - CF Training: Epoch 0001 Iter 0017/0630 Loss 0.6943
2025-10-21 17:46:36,695 - root - INFO - CF Training: Epoch 0001 Iter 0018/0630 Loss 0.6943
2025-10-21 17:46:37,099 - root - INFO - CF Training: Epoch 0001 Iter 0019/0630 Loss 0.6942
2025-10-21 17:46:37,526 - root - INFO - CF Training: Epoch 0001 Iter 0020/0630 Loss 0.6942
2025-10-21 17:46:37,947 - root - INFO - CF Training: Epoch 0001 Iter 0021/0630 Loss 0.6941
2025-10-21 17:46:38,379 - root - INFO - CF Training: Epoch 0001 Iter 0022/0630 Loss 0.6941
2025-10-21 17:46:38,826 - root - INFO - CF Training: Epoch 0001 Iter 0023/0630 Loss 0.6941
2025-10-21 17:46:39,192 - root - INFO - CF Training: Epoch 0001 Iter 0024/0630 Loss 0.6940
2025-10-21 17:46:39,590 - root - INFO - CF Training: Epoch 0001 Iter 0025/0630 Loss 0.6940
2025-10-21 17:46:39,998 - root - INFO - CF Training: Epoch 0001 Iter 0026/0630 Loss 0.6940
2025-10-21 17:46:40,449 - root - INFO - CF Training: Epoch 0001 Iter 0027/0630 Loss 0.6939
2025-10-21 17:46:40,814 - root - INFO - CF Training: Epoch 0001 Iter 0028/0630 Loss 0.6939
2025-10-21 17:46:41,204 - root - INFO - CF Training: Epoch 0001 Iter 0029/0630 Loss 0.6939
2025-10-21 17:46:41,585 - root - INFO - CF Training: Epoch 0001 Iter 0030/0630 Loss 0.6939
2025-10-21 17:46:41,407 - root - INFO - CF Training: Epoch 0001 Iter 0031/0630 Loss 0.6938
2025-10-21 17:46:41,794 - root - INFO - CF Training: Epoch 0001 Iter 0032/0630 Loss 0.6938
2025-10-21 17:46:42,165 - root - INFO - CF Training: Epoch 0001 Iter 0033/0630 Loss 0.6938
2025-10-21 17:46:42,583 - root - INFO - CF Training: Epoch 0001 Iter 0034/0630 Loss 0.6938
2025-10-21 17:46:42,973 - root - INFO - CF Training: Epoch 0001 Iter 0035/0630 Loss 0.6937
2025-10-21 17:46:43,400 - root - INFO - CF Training: Epoch 0001 Iter 0036/0630 Loss 0.6937
2025-10-21 17:46:43,822 - root - INFO - CF Training: Epoch 0001 Iter 0037/0630 Loss 0.6937
2025-10-21 17:46:44,214 - root - INFO - CF Training: Epoch 0001 Iter 0038/0630 Loss 0.6937
2025-10-21 17:46:44,610 - root - INFO - CF Training: Epoch 0001 Iter 0039/0630 Loss 0.6937
2025-10-21 17:46:45,027 - root - INFO - CF Training: Epoch 0001 Iter 0040/0630 Loss 0.6936
2025-10-21 17:46:45,456 - root - INFO - CF Training: Epoch 0001 Iter 0041/0630 Loss 0.6936
2025-10-21 17:46:45,854 - root - INFO - CF Training: Epoch 0001 Iter 0042/0630 Loss 0.6936
2025-10-21 17:46:46,255 - root - INFO - CF Training: Epoch 0001 Iter 0043/0630 Loss 0.6936
2025-10-21 17:46:46,655 - root - INFO - CF Training: Epoch 0001 Iter 0044/0630 Loss 0.6936
2025-10-21 17:46:47,059 - root - INFO - CF Training: Epoch 0001 Iter 0045/0630 Loss 0.6936
2025-10-21 17:46:47,461 - root - INFO - CF Training: Epoch 0001 Iter 0046/0630 Loss 0.6935
2025-10-21 17:46:47,883 - root - INFO - CF Training: Epoch 0001 Iter 0047/0630 Loss 0.6935
2025-10-21 17:46:48,319 - root - INFO - CF Training: Epoch 0001 Iter 0048/0630 Loss 0.6935
2025-10-21 17:46:48,721 - root - INFO - CF Training: Epoch 0001 Iter 0049/0630 Loss 0.6935
2025-10-21 17:46:49,126 - root - INFO - CF Training: Epoch 0001 Iter 0050/0630 Loss 0.6935
2025-10-21 17:46:49,550 - root - INFO - CF Training: Epoch 0001 Iter 0051/0630 Loss 0.6935
2025-10-21 17:46:49,951 - root - INFO - CF Training: Epoch 0001 Iter 0052/0630 Loss 0.6935
2025-10-21 17:46:50,386 - root - INFO - CF Training: Epoch 0001 Iter 0053/0630 Loss 0.6934
2025-10-21 17:46:50,848 - root - INFO - CF Training: Epoch 0001 Iter 0054/0630 Loss 0.6934
2025-10-21 17:46:51,315 - root - INFO - CF Training: Epoch 0001 Iter 0055/0630 Loss 0.6934
2025-10-21 17:46:51,750 - root - INFO - CF Training: Epoch 0001 Iter 0056/0630 Loss 0.6934
2025-10-21 17:46:52,190 - root - INFO - CF Training: Epoch 0001 Iter 0057/0630 Loss 0.6934
2025-10-21 17:46:52,595 - root - INFO - CF Training: Epoch 0001 Iter 0058/0630 Loss 0.6934
2025-10-21 17:46:53,002 - root - INFO - CF Training: Epoch 0001 Iter 0059/0630 Loss 0.6934
2025-10-21 17:46:53,413 - root - INFO - CF Training: Epoch 0001 Iter 0060/0630 Loss 0.6934
2025-10-21 17:46:53,846 - root - INFO - CF Training: Epoch 0001 Iter 0061/0630 Loss 0.6934
2025-10-21 17:46:54,279 - root - INFO - CF Training: Epoch 0001 Iter 0062/0630 Loss 0.6934
2025-10-21 17:46:54,727 - root - INFO - CF Training: Epoch 0001 Iter 0063/0630 Loss 0.6934
2025-10-21 17:46:55,152 - root - INFO - CF Training: Epoch 0001 Iter 0064/0630 Loss 0.6933
2025-10-21 17:46:55,560 - root - INFO - CF Training: Epoch 0001 Iter 0065/0630 Loss 0.6933
2025-10-21 17:46:55,955 - root - INFO - CF Training: Epoch 0001 Iter 0066/0630 Loss 0.6933
2025-10-21 17:46:56,417 - root - INFO - CF Training: Epoch 0001 Iter 0067/0630 Loss 0.6933
2025-10-21 17:46:56,809 - root - INFO - CF Training: Epoch 0001 Iter 0068/0630 Loss 0.6933
2025-10-21 17:46:57,237 - root - INFO - CF Training: Epoch 0001 Iter 0069/0630 Loss 0.6933
2025-10-21 17:46:57,660 - root - INFO - CF Training: Epoch 0001 Iter 0070/0630 Loss 0.6933
2025-10-21 17:46:58,088 - root - INFO - CF Training: Epoch 0001 Iter 0071/0630 Loss 0.6933
2025-10-21 17:46:58,564 - root - INFO - CF Training: Epoch 0001 Iter 0072/0630 Loss 0.6933
2025-10-21 17:46:59,019 - root - INFO - CF Training: Epoch 0001 Iter 0073/0630 Loss 0.6933
2025-10-21 17:46:59,504 - root - INFO - CF Training: Epoch 0001 Iter 0074/0630 Loss 0.6933
2025-10-21 17:47:00,026 - root - INFO - CF Training: Epoch 0001 Iter 0075/0630 Loss 0.6933
2025-10-21 17:47:00,462 - root - INFO - CF Training: Epoch 0001 Iter 0076/0630 Loss 0.6933
2025-10-21 17:47:00,954 - root - INFO - CF Training: Epoch 0001 Iter 0077/0630 Loss 0.6933
2025-10-21 17:47:01,368 - root - INFO - CF Training: Epoch 0001 Iter 0078/0630 Loss 0.6933
2025-10-21 17:47:01,819 - root - INFO - CF Training: Epoch 0001 Iter 0079/0630 Loss 0.6933
2025-10-21 17:47:02,249 - root - INFO - CF Training: Epoch 0001 Iter 0080/0630 Loss 0.6933
2025-10-21 17:47:02,733 - root - INFO - CF Training: Epoch 0001 Iter 0081/0630 Loss 0.6932
2025-10-21 17:47:03,148 - root - INFO - CF Training: Epoch 0001 Iter 0082/0630 Loss 0.6932
2025-10-21 17:47:03,568 - root - INFO - CF Training: Epoch 0001 Iter 0083/0630 Loss 0.6932
2025-10-21 17:47:03,934 - root - INFO - CF Training: Epoch 0001 Iter 0084/0630 Loss 0.6932
2025-10-21 17:47:04,348 - root - INFO - CF Training: Epoch 0001 Iter 0085/0630 Loss 0.6932
2025-10-21 17:47:04,715 - root - INFO - CF Training: Epoch 0001 Iter 0086/0630 Loss 0.6932
2025-10-21 17:47:05,099 - root - INFO - CF Training: Epoch 0001 Iter 0087/0630 Loss 0.6932
2025-10-21 17:47:05,480 - root - INFO - CF Training: Epoch 0001 Iter 0088/0630 Loss 0.6932
2025-10-21 17:47:05,874 - root - INFO - CF Training: Epoch 0001 Iter 0089/0630 Loss 0.6932
2025-10-21 17:47:06,333 - root - INFO - CF Training: Epoch 0001 Iter 0090/0630 Loss 0.6932
2025-10-21 17:47:06,720 - root - INFO - CF Training: Epoch 0001 Iter 0091/0630 Loss 0.6932
2025-10-21 17:47:07,168 - root - INFO - CF Training: Epoch 0001 Iter 0092/0630 Loss 0.6932
2025-10-21 17:47:07,565 - root - INFO - CF Training: Epoch 0001 Iter 0093/0630 Loss 0.6932
2025-10-21 17:47:07,969 - root - INFO - CF Training: Epoch 0001 Iter 0094/0630 Loss 0.6932
2025-10-21 17:47:08,404 - root - INFO - CF Training: Epoch 0001 Iter 0095/0630 Loss 0.6932
2025-10-21 17:47:08,821 - root - INFO - CF Training: Epoch 0001 Iter 0096/0630 Loss 0.6932
2025-10-21 17:47:09,211 - root - INFO - CF Training: Epoch 0001 Iter 0097/0630 Loss 0.6932
2025-10-21 17:47:09,612 - root - INFO - CF Training: Epoch 0001 Iter 0098/0630 Loss 0.6932
2025-10-21 17:47:10,084 - root - INFO - CF Training: Epoch 0001 Iter 0099/0630 Loss 0.6932
2025-10-21 17:47:10,467 - root - INFO - CF Training: Epoch 0001 Iter 0100/0630 Loss 0.6932
2025-10-21 17:47:10,938 - root - INFO - CF Training: Epoch 0001 Iter 0101/0630 Loss 0.6932
2025-10-21 17:47:11,494 - root - INFO - CF Training: Epoch 0001 Iter 0102/0630 Loss 0.6932
2025-10-21 17:47:11,861 - root - INFO - CF Training: Epoch 0001 Iter 0103/0630 Loss 0.6932
2025-10-21 17:47:12,263 - root - INFO - CF Training: Epoch 0001 Iter 0104/0630 Loss 0.6932
2025-10-21 17:47:12,646 - root - INFO - CF Training: Epoch 0001 Iter 0105/0630 Loss 0.6932
2025-10-21 17:47:13,042 - root - INFO - CF Training: Epoch 0001 Iter 0106/0630 Loss 0.6932
2025-10-21 17:47:13,462 - root - INFO - CF Training: Epoch 0001 Iter 0107/0630 Loss 0.6932
2025-10-21 17:47:13,397 - root - INFO - CF Training: Epoch 0001 Iter 0108/0630 Loss 0.6932
2025-10-21 17:47:13,877 - root - INFO - CF Training: Epoch 0001 Iter 0109/0630 Loss 0.6932
2025-10-21 17:47:14,307 - root - INFO - CF Training: Epoch 0001 Iter 0110/0630 Loss 0.6932
2025-10-21 17:47:14,740 - root - INFO - CF Training: Epoch 0001 Iter 0111/0630 Loss 0.6932
2025-10-21 17:47:15,125 - root - INFO - CF Training: Epoch 0001 Iter 0112/0630 Loss 0.6932
2025-10-21 17:47:15,508 - root - INFO - CF Training: Epoch 0001 Iter 0113/0630 Loss 0.6932
2025-10-21 17:47:15,918 - root - INFO - CF Training: Epoch 0001 Iter 0114/0630 Loss 0.6932
2025-10-21 17:47:16,323 - root - INFO - CF Training: Epoch 0001 Iter 0115/0630 Loss 0.6932
2025-10-21 17:47:16,718 - root - INFO - CF Training: Epoch 0001 Iter 0116/0630 Loss 0.6932
2025-10-21 17:47:17,154 - root - INFO - CF Training: Epoch 0001 Iter 0117/0630 Loss 0.6932
2025-10-21 17:47:17,541 - root - INFO - CF Training: Epoch 0001 Iter 0118/0630 Loss 0.6932
2025-10-21 17:47:17,957 - root - INFO - CF Training: Epoch 0001 Iter 0119/0630 Loss 0.6932
2025-10-21 17:47:18,425 - root - INFO - CF Training: Epoch 0001 Iter 0120/0630 Loss 0.6932
2025-10-21 17:47:18,859 - root - INFO - CF Training: Epoch 0001 Iter 0121/0630 Loss 0.6932
2025-10-21 17:47:19,268 - root - INFO - CF Training: Epoch 0001 Iter 0122/0630 Loss 0.6932
2025-10-21 17:47:19,685 - root - INFO - CF Training: Epoch 0001 Iter 0123/0630 Loss 0.6932
2025-10-21 17:47:20,058 - root - INFO - CF Training: Epoch 0001 Iter 0124/0630 Loss 0.6932
2025-10-21 17:47:20,496 - root - INFO - CF Training: Epoch 0001 Iter 0125/0630 Loss 0.6932
2025-10-21 17:47:20,888 - root - INFO - CF Training: Epoch 0001 Iter 0126/0630 Loss 0.6932
2025-10-21 17:47:21,273 - root - INFO - CF Training: Epoch 0001 Iter 0127/0630 Loss 0.6932
2025-10-21 17:47:21,641 - root - INFO - CF Training: Epoch 0001 Iter 0128/0630 Loss 0.6932
2025-10-21 17:47:22,037 - root - INFO - CF Training: Epoch 0001 Iter 0129/0630 Loss 0.6932
2025-10-21 17:47:22,405 - root - INFO - CF Training: Epoch 0001 Iter 0130/0630 Loss 0.6932
2025-10-21 17:47:22,839 - root - INFO - CF Training: Epoch 0001 Iter 0131/0630 Loss 0.6932
2025-10-21 17:47:23,251 - root - INFO - CF Training: Epoch 0001 Iter 0132/0630 Loss 0.6932
2025-10-21 17:47:23,742 - root - INFO - CF Training: Epoch 0001 Iter 0133/0630 Loss 0.6932
2025-10-21 17:47:24,187 - root - INFO - CF Training: Epoch 0001 Iter 0134/0630 Loss 0.6932
2025-10-21 17:47:24,577 - root - INFO - CF Training: Epoch 0001 Iter 0135/0630 Loss 0.6932
2025-10-21 17:47:24,993 - root - INFO - CF Training: Epoch 0001 Iter 0136/0630 Loss 0.6932
2025-10-21 17:47:25,470 - root - INFO - CF Training: Epoch 0001 Iter 0137/0630 Loss 0.6932
2025-10-21 17:47:25,903 - root - INFO - CF Training: Epoch 0001 Iter 0138/0630 Loss 0.6932
2025-10-21 17:47:26,328 - root - INFO - CF Training: Epoch 0001 Iter 0139/0630 Loss 0.6932
2025-10-21 17:47:26,734 - root - INFO - CF Training: Epoch 0001 Iter 0140/0630 Loss 0.6932
2025-10-21 17:47:27,143 - root - INFO - CF Training: Epoch 0001 Iter 0141/0630 Loss 0.6932
2025-10-21 17:47:27,555 - root - INFO - CF Training: Epoch 0001 Iter 0142/0630 Loss 0.6932
2025-10-21 17:47:28,006 - root - INFO - CF Training: Epoch 0001 Iter 0143/0630 Loss 0.6932
2025-10-21 17:47:28,420 - root - INFO - CF Training: Epoch 0001 Iter 0144/0630 Loss 0.6932
2025-10-21 17:47:28,814 - root - INFO - CF Training: Epoch 0001 Iter 0145/0630 Loss 0.6932
2025-10-21 17:47:29,192 - root - INFO - CF Training: Epoch 0001 Iter 0146/0630 Loss 0.6932
2025-10-21 17:47:29,644 - root - INFO - CF Training: Epoch 0001 Iter 0147/0630 Loss 0.6932
2025-10-21 17:47:30,073 - root - INFO - CF Training: Epoch 0001 Iter 0148/0630 Loss 0.6932
2025-10-21 17:47:30,471 - root - INFO - CF Training: Epoch 0001 Iter 0149/0630 Loss 0.6932
2025-10-21 17:47:30,881 - root - INFO - CF Training: Epoch 0001 Iter 0150/0630 Loss 0.6932
2025-10-21 17:47:31,338 - root - INFO - CF Training: Epoch 0001 Iter 0151/0630 Loss 0.6932
2025-10-21 17:47:31,741 - root - INFO - CF Training: Epoch 0001 Iter 0152/0630 Loss 0.6932
2025-10-21 17:47:32,140 - root - INFO - CF Training: Epoch 0001 Iter 0153/0630 Loss 0.6932
2025-10-21 17:47:32,526 - root - INFO - CF Training: Epoch 0001 Iter 0154/0630 Loss 0.6932
2025-10-21 17:47:32,917 - root - INFO - CF Training: Epoch 0001 Iter 0155/0630 Loss 0.6932
2025-10-21 17:47:33,405 - root - INFO - CF Training: Epoch 0001 Iter 0156/0630 Loss 0.6932
2025-10-21 17:47:33,893 - root - INFO - CF Training: Epoch 0001 Iter 0157/0630 Loss 0.6932
2025-10-21 17:47:34,331 - root - INFO - CF Training: Epoch 0001 Iter 0158/0630 Loss 0.6932
2025-10-21 17:47:34,719 - root - INFO - CF Training: Epoch 0001 Iter 0159/0630 Loss 0.6932
2025-10-21 17:47:35,105 - root - INFO - CF Training: Epoch 0001 Iter 0160/0630 Loss 0.6932
2025-10-21 17:47:35,483 - root - INFO - CF Training: Epoch 0001 Iter 0161/0630 Loss 0.6932
2025-10-21 17:47:35,867 - root - INFO - CF Training: Epoch 0001 Iter 0162/0630 Loss 0.6932
2025-10-21 17:47:36,261 - root - INFO - CF Training: Epoch 0001 Iter 0163/0630 Loss 0.6932
2025-10-21 17:47:36,718 - root - INFO - CF Training: Epoch 0001 Iter 0164/0630 Loss 0.6932
2025-10-21 17:47:37,115 - root - INFO - CF Training: Epoch 0001 Iter 0165/0630 Loss 0.6932
2025-10-21 17:47:37,499 - root - INFO - CF Training: Epoch 0001 Iter 0166/0630 Loss 0.6932
2025-10-21 17:47:37,893 - root - INFO - CF Training: Epoch 0001 Iter 0167/0630 Loss 0.6932
2025-10-21 17:47:38,288 - root - INFO - CF Training: Epoch 0001 Iter 0168/0630 Loss 0.6932
2025-10-21 17:47:38,715 - root - INFO - CF Training: Epoch 0001 Iter 0169/0630 Loss 0.6931
2025-10-21 17:47:39,130 - root - INFO - CF Training: Epoch 0001 Iter 0170/0630 Loss 0.6931
2025-10-21 17:47:39,591 - root - INFO - CF Training: Epoch 0001 Iter 0171/0630 Loss 0.6931
2025-10-21 17:47:39,996 - root - INFO - CF Training: Epoch 0001 Iter 0172/0630 Loss 0.6931
2025-10-21 17:47:40,382 - root - INFO - CF Training: Epoch 0001 Iter 0173/0630 Loss 0.6931
2025-10-21 17:47:40,763 - root - INFO - CF Training: Epoch 0001 Iter 0174/0630 Loss 0.6931
2025-10-21 17:47:41,144 - root - INFO - CF Training: Epoch 0001 Iter 0175/0630 Loss 0.6931
2025-10-21 17:47:41,533 - root - INFO - CF Training: Epoch 0001 Iter 0176/0630 Loss 0.6931
2025-10-21 17:47:41,951 - root - INFO - CF Training: Epoch 0001 Iter 0177/0630 Loss 0.6931
2025-10-21 17:47:42,373 - root - INFO - CF Training: Epoch 0001 Iter 0178/0630 Loss 0.6931
2025-10-21 17:47:42,793 - root - INFO - CF Training: Epoch 0001 Iter 0179/0630 Loss 0.6931
2025-10-21 17:47:43,205 - root - INFO - CF Training: Epoch 0001 Iter 0180/0630 Loss 0.6931
2025-10-21 17:47:43,593 - root - INFO - CF Training: Epoch 0001 Iter 0181/0630 Loss 0.6931
2025-10-21 17:47:43,992 - root - INFO - CF Training: Epoch 0001 Iter 0182/0630 Loss 0.6931
2025-10-21 17:47:44,378 - root - INFO - CF Training: Epoch 0001 Iter 0183/0630 Loss 0.6931
2025-10-21 17:47:44,780 - root - INFO - CF Training: Epoch 0001 Iter 0184/0630 Loss 0.6931
2025-10-21 17:47:45,159 - root - INFO - CF Training: Epoch 0001 Iter 0185/0630 Loss 0.6931
2025-10-21 17:47:44,992 - root - INFO - CF Training: Epoch 0001 Iter 0186/0630 Loss 0.6931
2025-10-21 17:47:45,365 - root - INFO - CF Training: Epoch 0001 Iter 0187/0630 Loss 0.6931
2025-10-21 17:47:45,755 - root - INFO - CF Training: Epoch 0001 Iter 0188/0630 Loss 0.6931
2025-10-21 17:47:46,136 - root - INFO - CF Training: Epoch 0001 Iter 0189/0630 Loss 0.6931
2025-10-21 17:47:46,515 - root - INFO - CF Training: Epoch 0001 Iter 0190/0630 Loss 0.6931
2025-10-21 17:47:46,904 - root - INFO - CF Training: Epoch 0001 Iter 0191/0630 Loss 0.6931
2025-10-21 17:47:47,326 - root - INFO - CF Training: Epoch 0001 Iter 0192/0630 Loss 0.6931
2025-10-21 17:47:47,702 - root - INFO - CF Training: Epoch 0001 Iter 0193/0630 Loss 0.6931
2025-10-21 17:47:48,125 - root - INFO - CF Training: Epoch 0001 Iter 0194/0630 Loss 0.6931
2025-10-21 17:47:48,500 - root - INFO - CF Training: Epoch 0001 Iter 0195/0630 Loss 0.6931
2025-10-21 17:47:48,874 - root - INFO - CF Training: Epoch 0001 Iter 0196/0630 Loss 0.6931
2025-10-21 17:47:49,287 - root - INFO - CF Training: Epoch 0001 Iter 0197/0630 Loss 0.6931
2025-10-21 17:47:49,706 - root - INFO - CF Training: Epoch 0001 Iter 0198/0630 Loss 0.6931
2025-10-21 17:47:50,084 - root - INFO - CF Training: Epoch 0001 Iter 0199/0630 Loss 0.6931
2025-10-21 17:47:50,484 - root - INFO - CF Training: Epoch 0001 Iter 0200/0630 Loss 0.6931
2025-10-21 17:47:50,877 - root - INFO - CF Training: Epoch 0001 Iter 0201/0630 Loss 0.6931
2025-10-21 17:47:51,273 - root - INFO - CF Training: Epoch 0001 Iter 0202/0630 Loss 0.6931
2025-10-21 17:47:51,726 - root - INFO - CF Training: Epoch 0001 Iter 0203/0630 Loss 0.6931
2025-10-21 17:47:52,147 - root - INFO - CF Training: Epoch 0001 Iter 0204/0630 Loss 0.6931
2025-10-21 17:47:52,544 - root - INFO - CF Training: Epoch 0001 Iter 0205/0630 Loss 0.6931
2025-10-21 17:47:52,951 - root - INFO - CF Training: Epoch 0001 Iter 0206/0630 Loss 0.6931
2025-10-21 17:47:53,346 - root - INFO - CF Training: Epoch 0001 Iter 0207/0630 Loss 0.6931
2025-10-21 17:47:53,789 - root - INFO - CF Training: Epoch 0001 Iter 0208/0630 Loss 0.6931
2025-10-21 17:47:54,171 - root - INFO - CF Training: Epoch 0001 Iter 0209/0630 Loss 0.6931
2025-10-21 17:47:54,571 - root - INFO - CF Training: Epoch 0001 Iter 0210/0630 Loss 0.6931
2025-10-21 17:47:54,928 - root - INFO - CF Training: Epoch 0001 Iter 0211/0630 Loss 0.6931
2025-10-21 17:47:55,282 - root - INFO - CF Training: Epoch 0001 Iter 0212/0630 Loss 0.6931
2025-10-21 17:47:55,659 - root - INFO - CF Training: Epoch 0001 Iter 0213/0630 Loss 0.6931
2025-10-21 17:47:56,048 - root - INFO - CF Training: Epoch 0001 Iter 0214/0630 Loss 0.6931
2025-10-21 17:47:56,429 - root - INFO - CF Training: Epoch 0001 Iter 0215/0630 Loss 0.6931
2025-10-21 17:47:56,802 - root - INFO - CF Training: Epoch 0001 Iter 0216/0630 Loss 0.6931
2025-10-21 17:47:57,223 - root - INFO - CF Training: Epoch 0001 Iter 0217/0630 Loss 0.6931
2025-10-21 17:47:57,607 - root - INFO - CF Training: Epoch 0001 Iter 0218/0630 Loss 0.6931
2025-10-21 17:47:57,974 - root - INFO - CF Training: Epoch 0001 Iter 0219/0630 Loss 0.6931
2025-10-21 17:47:58,357 - root - INFO - CF Training: Epoch 0001 Iter 0220/0630 Loss 0.6931
2025-10-21 17:47:58,742 - root - INFO - CF Training: Epoch 0001 Iter 0221/0630 Loss 0.6931
2025-10-21 17:47:59,223 - root - INFO - CF Training: Epoch 0001 Iter 0222/0630 Loss 0.6931
2025-10-21 17:47:59,740 - root - INFO - CF Training: Epoch 0001 Iter 0223/0630 Loss 0.6931
2025-10-21 17:48:00,143 - root - INFO - CF Training: Epoch 0001 Iter 0224/0630 Loss 0.6931
2025-10-21 17:48:00,542 - root - INFO - CF Training: Epoch 0001 Iter 0225/0630 Loss 0.6931
2025-10-21 17:48:00,953 - root - INFO - CF Training: Epoch 0001 Iter 0226/0630 Loss 0.6931
2025-10-21 17:48:01,385 - root - INFO - CF Training: Epoch 0001 Iter 0227/0630 Loss 0.6931
2025-10-21 17:48:01,845 - root - INFO - CF Training: Epoch 0001 Iter 0228/0630 Loss 0.6931
2025-10-21 17:48:02,460 - root - INFO - CF Training: Epoch 0001 Iter 0229/0630 Loss 0.6931
2025-10-21 17:48:02,904 - root - INFO - CF Training: Epoch 0001 Iter 0230/0630 Loss 0.6931
2025-10-21 17:48:03,281 - root - INFO - CF Training: Epoch 0001 Iter 0231/0630 Loss 0.6931
2025-10-21 17:48:03,664 - root - INFO - CF Training: Epoch 0001 Iter 0232/0630 Loss 0.6931
2025-10-21 17:48:04,151 - root - INFO - CF Training: Epoch 0001 Iter 0233/0630 Loss 0.6931
2025-10-21 17:48:04,652 - root - INFO - CF Training: Epoch 0001 Iter 0234/0630 Loss 0.6931
2025-10-21 17:48:05,117 - root - INFO - CF Training: Epoch 0001 Iter 0235/0630 Loss 0.6931
2025-10-21 17:48:05,569 - root - INFO - CF Training: Epoch 0001 Iter 0236/0630 Loss 0.6931
2025-10-21 17:48:06,031 - root - INFO - CF Training: Epoch 0001 Iter 0237/0630 Loss 0.6931
2025-10-21 17:48:06,484 - root - INFO - CF Training: Epoch 0001 Iter 0238/0630 Loss 0.6931
2025-10-21 17:48:06,916 - root - INFO - CF Training: Epoch 0001 Iter 0239/0630 Loss 0.6931
2025-10-21 17:48:07,338 - root - INFO - CF Training: Epoch 0001 Iter 0240/0630 Loss 0.6931
2025-10-21 17:48:07,761 - root - INFO - CF Training: Epoch 0001 Iter 0241/0630 Loss 0.6931
2025-10-21 17:48:08,146 - root - INFO - CF Training: Epoch 0001 Iter 0242/0630 Loss 0.6931
2025-10-21 17:48:08,526 - root - INFO - CF Training: Epoch 0001 Iter 0243/0630 Loss 0.6931
2025-10-21 17:48:08,996 - root - INFO - CF Training: Epoch 0001 Iter 0244/0630 Loss 0.6931
2025-10-21 17:48:09,495 - root - INFO - CF Training: Epoch 0001 Iter 0245/0630 Loss 0.6931
2025-10-21 17:48:09,902 - root - INFO - CF Training: Epoch 0001 Iter 0246/0630 Loss 0.6931
2025-10-21 17:48:10,309 - root - INFO - CF Training: Epoch 0001 Iter 0247/0630 Loss 0.6931
2025-10-21 17:48:10,697 - root - INFO - CF Training: Epoch 0001 Iter 0248/0630 Loss 0.6931
2025-10-21 17:48:11,102 - root - INFO - CF Training: Epoch 0001 Iter 0249/0630 Loss 0.6931
2025-10-21 17:48:11,586 - root - INFO - CF Training: Epoch 0001 Iter 0250/0630 Loss 0.6931
2025-10-21 17:48:11,995 - root - INFO - CF Training: Epoch 0001 Iter 0251/0630 Loss 0.6931
2025-10-21 17:48:12,436 - root - INFO - CF Training: Epoch 0001 Iter 0252/0630 Loss 0.6931
2025-10-21 17:48:12,874 - root - INFO - CF Training: Epoch 0001 Iter 0253/0630 Loss 0.6931
2025-10-21 17:48:13,304 - root - INFO - CF Training: Epoch 0001 Iter 0254/0630 Loss 0.6931
2025-10-21 17:48:13,803 - root - INFO - CF Training: Epoch 0001 Iter 0255/0630 Loss 0.6931
2025-10-21 17:48:14,214 - root - INFO - CF Training: Epoch 0001 Iter 0256/0630 Loss 0.6931
2025-10-21 17:48:14,673 - root - INFO - CF Training: Epoch 0001 Iter 0257/0630 Loss 0.6931
2025-10-21 17:48:15,124 - root - INFO - CF Training: Epoch 0001 Iter 0258/0630 Loss 0.6931
2025-10-21 17:48:15,690 - root - INFO - CF Training: Epoch 0001 Iter 0259/0630 Loss 0.6931
2025-10-21 17:48:16,122 - root - INFO - CF Training: Epoch 0001 Iter 0260/0630 Loss 0.6931
2025-10-21 17:48:16,630 - root - INFO - CF Training: Epoch 0001 Iter 0261/0630 Loss 0.6931
2025-10-21 17:48:17,028 - root - INFO - CF Training: Epoch 0001 Iter 0262/0630 Loss 0.6931
2025-10-21 17:48:16,860 - root - INFO - CF Training: Epoch 0001 Iter 0263/0630 Loss 0.6931
2025-10-21 17:48:17,279 - root - INFO - CF Training: Epoch 0001 Iter 0264/0630 Loss 0.6931
2025-10-21 17:48:17,780 - root - INFO - CF Training: Epoch 0001 Iter 0265/0630 Loss 0.6931
2025-10-21 17:48:18,291 - root - INFO - CF Training: Epoch 0001 Iter 0266/0630 Loss 0.6931
2025-10-21 17:48:18,725 - root - INFO - CF Training: Epoch 0001 Iter 0267/0630 Loss 0.6931
2025-10-21 17:48:19,237 - root - INFO - CF Training: Epoch 0001 Iter 0268/0630 Loss 0.6931
2025-10-21 17:48:19,766 - root - INFO - CF Training: Epoch 0001 Iter 0269/0630 Loss 0.6931
2025-10-21 17:48:20,294 - root - INFO - CF Training: Epoch 0001 Iter 0270/0630 Loss 0.6931
2025-10-21 17:48:20,790 - root - INFO - CF Training: Epoch 0001 Iter 0271/0630 Loss 0.6931
2025-10-21 17:48:21,290 - root - INFO - CF Training: Epoch 0001 Iter 0272/0630 Loss 0.6931
2025-10-21 17:48:21,772 - root - INFO - CF Training: Epoch 0001 Iter 0273/0630 Loss 0.6931
2025-10-21 17:48:22,277 - root - INFO - CF Training: Epoch 0001 Iter 0274/0630 Loss 0.6931
2025-10-21 17:48:22,745 - root - INFO - CF Training: Epoch 0001 Iter 0275/0630 Loss 0.6931
2025-10-21 17:48:23,167 - root - INFO - CF Training: Epoch 0001 Iter 0276/0630 Loss 0.6931
2025-10-21 17:48:23,664 - root - INFO - CF Training: Epoch 0001 Iter 0277/0630 Loss 0.6931
2025-10-21 17:48:24,122 - root - INFO - CF Training: Epoch 0001 Iter 0278/0630 Loss 0.6931
2025-10-21 17:48:24,583 - root - INFO - CF Training: Epoch 0001 Iter 0279/0630 Loss 0.6931
2025-10-21 17:48:24,987 - root - INFO - CF Training: Epoch 0001 Iter 0280/0630 Loss 0.6931
2025-10-21 17:48:25,400 - root - INFO - CF Training: Epoch 0001 Iter 0281/0630 Loss 0.6931
2025-10-21 17:48:25,821 - root - INFO - CF Training: Epoch 0001 Iter 0282/0630 Loss 0.6931
2025-10-21 17:48:26,255 - root - INFO - CF Training: Epoch 0001 Iter 0283/0630 Loss 0.6931
2025-10-21 17:48:26,693 - root - INFO - CF Training: Epoch 0001 Iter 0284/0630 Loss 0.6931
2025-10-21 17:48:27,077 - root - INFO - CF Training: Epoch 0001 Iter 0285/0630 Loss 0.6931
2025-10-21 17:48:27,523 - root - INFO - CF Training: Epoch 0001 Iter 0286/0630 Loss 0.6931
2025-10-21 17:48:27,932 - root - INFO - CF Training: Epoch 0001 Iter 0287/0630 Loss 0.6931
2025-10-21 17:48:28,390 - root - INFO - CF Training: Epoch 0001 Iter 0288/0630 Loss 0.6931
2025-10-21 17:48:28,839 - root - INFO - CF Training: Epoch 0001 Iter 0289/0630 Loss 0.6931
2025-10-21 17:48:29,329 - root - INFO - CF Training: Epoch 0001 Iter 0290/0630 Loss 0.6931
2025-10-21 17:48:29,789 - root - INFO - CF Training: Epoch 0001 Iter 0291/0630 Loss 0.6931
2025-10-21 17:48:30,218 - root - INFO - CF Training: Epoch 0001 Iter 0292/0630 Loss 0.6931
2025-10-21 17:48:30,658 - root - INFO - CF Training: Epoch 0001 Iter 0293/0630 Loss 0.6931
2025-10-21 17:48:31,113 - root - INFO - CF Training: Epoch 0001 Iter 0294/0630 Loss 0.6931
2025-10-21 17:48:31,519 - root - INFO - CF Training: Epoch 0001 Iter 0295/0630 Loss 0.6931
2025-10-21 17:48:31,991 - root - INFO - CF Training: Epoch 0001 Iter 0296/0630 Loss 0.6931
2025-10-21 17:48:32,445 - root - INFO - CF Training: Epoch 0001 Iter 0297/0630 Loss 0.6931
2025-10-21 17:48:32,878 - root - INFO - CF Training: Epoch 0001 Iter 0298/0630 Loss 0.6931
2025-10-21 17:48:33,411 - root - INFO - CF Training: Epoch 0001 Iter 0299/0630 Loss 0.6931
2025-10-21 17:48:33,945 - root - INFO - CF Training: Epoch 0001 Iter 0300/0630 Loss 0.6931
2025-10-21 17:48:34,377 - root - INFO - CF Training: Epoch 0001 Iter 0301/0630 Loss 0.6931
2025-10-21 17:48:34,871 - root - INFO - CF Training: Epoch 0001 Iter 0302/0630 Loss 0.6931
2025-10-21 17:48:35,402 - root - INFO - CF Training: Epoch 0001 Iter 0303/0630 Loss 0.6931
2025-10-21 17:48:35,871 - root - INFO - CF Training: Epoch 0001 Iter 0304/0630 Loss 0.6931
2025-10-21 17:48:36,374 - root - INFO - CF Training: Epoch 0001 Iter 0305/0630 Loss 0.6931
2025-10-21 17:48:36,837 - root - INFO - CF Training: Epoch 0001 Iter 0306/0630 Loss 0.6931
2025-10-21 17:48:37,255 - root - INFO - CF Training: Epoch 0001 Iter 0307/0630 Loss 0.6931
2025-10-21 17:48:37,726 - root - INFO - CF Training: Epoch 0001 Iter 0308/0630 Loss 0.6931
2025-10-21 17:48:38,178 - root - INFO - CF Training: Epoch 0001 Iter 0309/0630 Loss 0.6931
2025-10-21 17:48:38,673 - root - INFO - CF Training: Epoch 0001 Iter 0310/0630 Loss 0.6931
2025-10-21 17:48:39,223 - root - INFO - CF Training: Epoch 0001 Iter 0311/0630 Loss 0.6931
2025-10-21 17:48:39,713 - root - INFO - CF Training: Epoch 0001 Iter 0312/0630 Loss 0.6931
2025-10-21 17:48:40,124 - root - INFO - CF Training: Epoch 0001 Iter 0313/0630 Loss 0.6931
2025-10-21 17:48:40,588 - root - INFO - CF Training: Epoch 0001 Iter 0314/0630 Loss 0.6931
2025-10-21 17:48:41,000 - root - INFO - CF Training: Epoch 0001 Iter 0315/0630 Loss 0.6931
2025-10-21 17:48:41,426 - root - INFO - CF Training: Epoch 0001 Iter 0316/0630 Loss 0.6931
2025-10-21 17:48:41,833 - root - INFO - CF Training: Epoch 0001 Iter 0317/0630 Loss 0.6931
2025-10-21 17:48:42,239 - root - INFO - CF Training: Epoch 0001 Iter 0318/0630 Loss 0.6931
2025-10-21 17:48:42,681 - root - INFO - CF Training: Epoch 0001 Iter 0319/0630 Loss 0.6931
2025-10-21 17:48:43,136 - root - INFO - CF Training: Epoch 0001 Iter 0320/0630 Loss 0.6931
2025-10-21 17:48:43,581 - root - INFO - CF Training: Epoch 0001 Iter 0321/0630 Loss 0.6931
2025-10-21 17:48:44,016 - root - INFO - CF Training: Epoch 0001 Iter 0322/0630 Loss 0.6931
2025-10-21 17:48:44,427 - root - INFO - CF Training: Epoch 0001 Iter 0323/0630 Loss 0.6931
2025-10-21 17:48:44,847 - root - INFO - CF Training: Epoch 0001 Iter 0324/0630 Loss 0.6931
2025-10-21 17:48:45,291 - root - INFO - CF Training: Epoch 0001 Iter 0325/0630 Loss 0.6931
2025-10-21 17:48:45,697 - root - INFO - CF Training: Epoch 0001 Iter 0326/0630 Loss 0.6931
2025-10-21 17:48:46,105 - root - INFO - CF Training: Epoch 0001 Iter 0327/0630 Loss 0.6931
2025-10-21 17:48:46,554 - root - INFO - CF Training: Epoch 0001 Iter 0328/0630 Loss 0.6931
2025-10-21 17:48:46,986 - root - INFO - CF Training: Epoch 0001 Iter 0329/0630 Loss 0.6931
2025-10-21 17:48:47,413 - root - INFO - CF Training: Epoch 0001 Iter 0330/0630 Loss 0.6931
2025-10-21 17:48:47,783 - root - INFO - CF Training: Epoch 0001 Iter 0331/0630 Loss 0.6931
2025-10-21 17:48:48,176 - root - INFO - CF Training: Epoch 0001 Iter 0332/0630 Loss 0.6931
2025-10-21 17:48:48,582 - root - INFO - CF Training: Epoch 0001 Iter 0333/0630 Loss 0.6931
2025-10-21 17:48:48,973 - root - INFO - CF Training: Epoch 0001 Iter 0334/0630 Loss 0.6931
2025-10-21 17:48:48,836 - root - INFO - CF Training: Epoch 0001 Iter 0335/0630 Loss 0.6931
2025-10-21 17:48:49,262 - root - INFO - CF Training: Epoch 0001 Iter 0336/0630 Loss 0.6931
2025-10-21 17:48:49,643 - root - INFO - CF Training: Epoch 0001 Iter 0337/0630 Loss 0.6931
2025-10-21 17:48:50,044 - root - INFO - CF Training: Epoch 0001 Iter 0338/0630 Loss 0.6931
2025-10-21 17:48:50,442 - root - INFO - CF Training: Epoch 0001 Iter 0339/0630 Loss 0.6931
2025-10-21 17:48:50,855 - root - INFO - CF Training: Epoch 0001 Iter 0340/0630 Loss 0.6931
2025-10-21 17:48:51,249 - root - INFO - CF Training: Epoch 0001 Iter 0341/0630 Loss 0.6931
2025-10-21 17:48:51,640 - root - INFO - CF Training: Epoch 0001 Iter 0342/0630 Loss 0.6931
2025-10-21 17:48:52,045 - root - INFO - CF Training: Epoch 0001 Iter 0343/0630 Loss 0.6931
2025-10-21 17:48:52,434 - root - INFO - CF Training: Epoch 0001 Iter 0344/0630 Loss 0.6931
2025-10-21 17:48:52,847 - root - INFO - CF Training: Epoch 0001 Iter 0345/0630 Loss 0.6931
2025-10-21 17:48:53,232 - root - INFO - CF Training: Epoch 0001 Iter 0346/0630 Loss 0.6931
2025-10-21 17:48:53,642 - root - INFO - CF Training: Epoch 0001 Iter 0347/0630 Loss 0.6931
2025-10-21 17:48:54,052 - root - INFO - CF Training: Epoch 0001 Iter 0348/0630 Loss 0.6931
2025-10-21 17:48:54,447 - root - INFO - CF Training: Epoch 0001 Iter 0349/0630 Loss 0.6931
2025-10-21 17:48:54,832 - root - INFO - CF Training: Epoch 0001 Iter 0350/0630 Loss 0.6931
2025-10-21 17:48:55,224 - root - INFO - CF Training: Epoch 0001 Iter 0351/0630 Loss 0.6931
2025-10-21 17:48:55,603 - root - INFO - CF Training: Epoch 0001 Iter 0352/0630 Loss 0.6931
2025-10-21 17:48:56,015 - root - INFO - CF Training: Epoch 0001 Iter 0353/0630 Loss 0.6931
2025-10-21 17:48:56,416 - root - INFO - CF Training: Epoch 0001 Iter 0354/0630 Loss 0.6931
2025-10-21 17:48:56,879 - root - INFO - CF Training: Epoch 0001 Iter 0355/0630 Loss 0.6931
2025-10-21 17:48:57,339 - root - INFO - CF Training: Epoch 0001 Iter 0356/0630 Loss 0.6931
2025-10-21 17:48:57,837 - root - INFO - CF Training: Epoch 0001 Iter 0357/0630 Loss 0.6931
2025-10-21 17:48:58,300 - root - INFO - CF Training: Epoch 0001 Iter 0358/0630 Loss 0.6931
2025-10-21 17:48:58,774 - root - INFO - CF Training: Epoch 0001 Iter 0359/0630 Loss 0.6931
2025-10-21 17:48:59,227 - root - INFO - CF Training: Epoch 0001 Iter 0360/0630 Loss 0.6931
2025-10-21 17:48:59,677 - root - INFO - CF Training: Epoch 0001 Iter 0361/0630 Loss 0.6931
2025-10-21 17:49:00,053 - root - INFO - CF Training: Epoch 0001 Iter 0362/0630 Loss 0.6931
2025-10-21 17:49:00,513 - root - INFO - CF Training: Epoch 0001 Iter 0363/0630 Loss 0.6931
2025-10-21 17:49:00,964 - root - INFO - CF Training: Epoch 0001 Iter 0364/0630 Loss 0.6931
2025-10-21 17:49:01,346 - root - INFO - CF Training: Epoch 0001 Iter 0365/0630 Loss 0.6931
2025-10-21 17:49:01,730 - root - INFO - CF Training: Epoch 0001 Iter 0366/0630 Loss 0.6931
2025-10-21 17:49:02,141 - root - INFO - CF Training: Epoch 0001 Iter 0367/0630 Loss 0.6931
2025-10-21 17:49:02,540 - root - INFO - CF Training: Epoch 0001 Iter 0368/0630 Loss 0.6931
2025-10-21 17:49:02,983 - root - INFO - CF Training: Epoch 0001 Iter 0369/0630 Loss 0.6931
2025-10-21 17:49:03,411 - root - INFO - CF Training: Epoch 0001 Iter 0370/0630 Loss 0.6931
2025-10-21 17:49:03,852 - root - INFO - CF Training: Epoch 0001 Iter 0371/0630 Loss 0.6931
2025-10-21 17:49:04,269 - root - INFO - CF Training: Epoch 0001 Iter 0372/0630 Loss 0.6931
2025-10-21 17:49:04,679 - root - INFO - CF Training: Epoch 0001 Iter 0373/0630 Loss 0.6931
2025-10-21 17:49:05,230 - root - INFO - CF Training: Epoch 0001 Iter 0374/0630 Loss 0.6931
2025-10-21 17:49:05,684 - root - INFO - CF Training: Epoch 0001 Iter 0375/0630 Loss 0.6931
2025-10-21 17:49:06,147 - root - INFO - CF Training: Epoch 0001 Iter 0376/0630 Loss 0.6931
2025-10-21 17:49:06,591 - root - INFO - CF Training: Epoch 0001 Iter 0377/0630 Loss 0.6931
2025-10-21 17:49:07,104 - root - INFO - CF Training: Epoch 0001 Iter 0378/0630 Loss 0.6931
2025-10-21 17:49:07,559 - root - INFO - CF Training: Epoch 0001 Iter 0379/0630 Loss 0.6931
2025-10-21 17:49:07,966 - root - INFO - CF Training: Epoch 0001 Iter 0380/0630 Loss 0.6931
2025-10-21 17:49:08,371 - root - INFO - CF Training: Epoch 0001 Iter 0381/0630 Loss 0.6931
2025-10-21 17:49:08,820 - root - INFO - CF Training: Epoch 0001 Iter 0382/0630 Loss 0.6931
2025-10-21 17:49:09,285 - root - INFO - CF Training: Epoch 0001 Iter 0383/0630 Loss 0.6931
2025-10-21 17:49:09,724 - root - INFO - CF Training: Epoch 0001 Iter 0384/0630 Loss 0.6931
2025-10-21 17:49:10,124 - root - INFO - CF Training: Epoch 0001 Iter 0385/0630 Loss 0.6931
2025-10-21 17:49:10,541 - root - INFO - CF Training: Epoch 0001 Iter 0386/0630 Loss 0.6931
2025-10-21 17:49:10,987 - root - INFO - CF Training: Epoch 0001 Iter 0387/0630 Loss 0.6931
2025-10-21 17:49:11,438 - root - INFO - CF Training: Epoch 0001 Iter 0388/0630 Loss 0.6931
2025-10-21 17:49:11,873 - root - INFO - CF Training: Epoch 0001 Iter 0389/0630 Loss 0.6931
2025-10-21 17:49:12,295 - root - INFO - CF Training: Epoch 0001 Iter 0390/0630 Loss 0.6931
2025-10-21 17:49:12,685 - root - INFO - CF Training: Epoch 0001 Iter 0391/0630 Loss 0.6931
2025-10-21 17:49:13,156 - root - INFO - CF Training: Epoch 0001 Iter 0392/0630 Loss 0.6931
2025-10-21 17:49:13,672 - root - INFO - CF Training: Epoch 0001 Iter 0393/0630 Loss 0.6931
2025-10-21 17:49:14,183 - root - INFO - CF Training: Epoch 0001 Iter 0394/0630 Loss 0.6931
2025-10-21 17:49:14,595 - root - INFO - CF Training: Epoch 0001 Iter 0395/0630 Loss 0.6931
2025-10-21 17:49:15,040 - root - INFO - CF Training: Epoch 0001 Iter 0396/0630 Loss 0.6931
2025-10-21 17:49:15,507 - root - INFO - CF Training: Epoch 0001 Iter 0397/0630 Loss 0.6931
2025-10-21 17:49:16,019 - root - INFO - CF Training: Epoch 0001 Iter 0398/0630 Loss 0.6931
2025-10-21 17:49:16,471 - root - INFO - CF Training: Epoch 0001 Iter 0399/0630 Loss 0.6931
2025-10-21 17:49:16,878 - root - INFO - CF Training: Epoch 0001 Iter 0400/0630 Loss 0.6931
2025-10-21 17:49:17,383 - root - INFO - CF Training: Epoch 0001 Iter 0401/0630 Loss 0.6931
2025-10-21 17:49:17,894 - root - INFO - CF Training: Epoch 0001 Iter 0402/0630 Loss 0.6931
2025-10-21 17:49:18,402 - root - INFO - CF Training: Epoch 0001 Iter 0403/0630 Loss 0.6931
2025-10-21 17:49:18,863 - root - INFO - CF Training: Epoch 0001 Iter 0404/0630 Loss 0.6931
2025-10-21 17:49:19,346 - root - INFO - CF Training: Epoch 0001 Iter 0405/0630 Loss 0.6931
2025-10-21 17:49:19,849 - root - INFO - CF Training: Epoch 0001 Iter 0406/0630 Loss 0.6931
2025-10-21 17:49:20,261 - root - INFO - CF Training: Epoch 0001 Iter 0407/0630 Loss 0.6931
2025-10-21 17:49:20,725 - root - INFO - CF Training: Epoch 0001 Iter 0408/0630 Loss 0.6931
2025-10-21 17:49:21,173 - root - INFO - CF Training: Epoch 0001 Iter 0409/0630 Loss 0.6931
2025-10-21 17:49:21,057 - root - INFO - CF Training: Epoch 0001 Iter 0410/0630 Loss 0.6931
2025-10-21 17:49:21,447 - root - INFO - CF Training: Epoch 0001 Iter 0411/0630 Loss 0.6931
2025-10-21 17:49:21,842 - root - INFO - CF Training: Epoch 0001 Iter 0412/0630 Loss 0.6931
2025-10-21 17:49:22,265 - root - INFO - CF Training: Epoch 0001 Iter 0413/0630 Loss 0.6931
2025-10-21 17:49:22,742 - root - INFO - CF Training: Epoch 0001 Iter 0414/0630 Loss 0.6931
2025-10-21 17:49:23,182 - root - INFO - CF Training: Epoch 0001 Iter 0415/0630 Loss 0.6931
2025-10-21 17:49:23,618 - root - INFO - CF Training: Epoch 0001 Iter 0416/0630 Loss 0.6931
2025-10-21 17:49:24,079 - root - INFO - CF Training: Epoch 0001 Iter 0417/0630 Loss 0.6931
2025-10-21 17:49:24,501 - root - INFO - CF Training: Epoch 0001 Iter 0418/0630 Loss 0.6931
2025-10-21 17:49:24,962 - root - INFO - CF Training: Epoch 0001 Iter 0419/0630 Loss 0.6931
2025-10-21 17:49:25,387 - root - INFO - CF Training: Epoch 0001 Iter 0420/0630 Loss 0.6931
2025-10-21 17:49:25,826 - root - INFO - CF Training: Epoch 0001 Iter 0421/0630 Loss 0.6931
2025-10-21 17:49:26,214 - root - INFO - CF Training: Epoch 0001 Iter 0422/0630 Loss 0.6931
2025-10-21 17:49:26,664 - root - INFO - CF Training: Epoch 0001 Iter 0423/0630 Loss 0.6931
2025-10-21 17:49:27,066 - root - INFO - CF Training: Epoch 0001 Iter 0424/0630 Loss 0.6931
2025-10-21 17:49:27,458 - root - INFO - CF Training: Epoch 0001 Iter 0425/0630 Loss 0.6931
2025-10-21 17:49:27,867 - root - INFO - CF Training: Epoch 0001 Iter 0426/0630 Loss 0.6931
2025-10-21 17:49:28,327 - root - INFO - CF Training: Epoch 0001 Iter 0427/0630 Loss 0.6931
2025-10-21 17:49:28,756 - root - INFO - CF Training: Epoch 0001 Iter 0428/0630 Loss 0.6931
2025-10-21 17:49:29,184 - root - INFO - CF Training: Epoch 0001 Iter 0429/0630 Loss 0.6931
2025-10-21 17:49:29,612 - root - INFO - CF Training: Epoch 0001 Iter 0430/0630 Loss 0.6931
2025-10-21 17:49:30,053 - root - INFO - CF Training: Epoch 0001 Iter 0431/0630 Loss 0.6931
2025-10-21 17:49:30,486 - root - INFO - CF Training: Epoch 0001 Iter 0432/0630 Loss 0.6931
2025-10-21 17:49:30,911 - root - INFO - CF Training: Epoch 0001 Iter 0433/0630 Loss 0.6931
2025-10-21 17:49:31,323 - root - INFO - CF Training: Epoch 0001 Iter 0434/0630 Loss 0.6931
2025-10-21 17:49:31,769 - root - INFO - CF Training: Epoch 0001 Iter 0435/0630 Loss 0.6931
2025-10-21 17:49:32,172 - root - INFO - CF Training: Epoch 0001 Iter 0436/0630 Loss 0.6931
2025-10-21 17:49:32,655 - root - INFO - CF Training: Epoch 0001 Iter 0437/0630 Loss 0.6931
2025-10-21 17:49:33,125 - root - INFO - CF Training: Epoch 0001 Iter 0438/0630 Loss 0.6931
2025-10-21 17:49:33,529 - root - INFO - CF Training: Epoch 0001 Iter 0439/0630 Loss 0.6931
2025-10-21 17:49:33,937 - root - INFO - CF Training: Epoch 0001 Iter 0440/0630 Loss 0.6931
2025-10-21 17:49:34,334 - root - INFO - CF Training: Epoch 0001 Iter 0441/0630 Loss 0.6931
2025-10-21 17:49:34,808 - root - INFO - CF Training: Epoch 0001 Iter 0442/0630 Loss 0.6931
2025-10-21 17:49:35,191 - root - INFO - CF Training: Epoch 0001 Iter 0443/0630 Loss 0.6931
2025-10-21 17:49:35,604 - root - INFO - CF Training: Epoch 0001 Iter 0444/0630 Loss 0.6931
2025-10-21 17:49:36,057 - root - INFO - CF Training: Epoch 0001 Iter 0445/0630 Loss 0.6931
2025-10-21 17:49:36,450 - root - INFO - CF Training: Epoch 0001 Iter 0446/0630 Loss 0.6931
2025-10-21 17:49:36,849 - root - INFO - CF Training: Epoch 0001 Iter 0447/0630 Loss 0.6931
2025-10-21 17:49:37,271 - root - INFO - CF Training: Epoch 0001 Iter 0448/0630 Loss 0.6931
2025-10-21 17:49:37,705 - root - INFO - CF Training: Epoch 0001 Iter 0449/0630 Loss 0.6931
2025-10-21 17:49:38,139 - root - INFO - CF Training: Epoch 0001 Iter 0450/0630 Loss 0.6931
2025-10-21 17:49:38,573 - root - INFO - CF Training: Epoch 0001 Iter 0451/0630 Loss 0.6931
2025-10-21 17:49:38,960 - root - INFO - CF Training: Epoch 0001 Iter 0452/0630 Loss 0.6931
2025-10-21 17:49:39,384 - root - INFO - CF Training: Epoch 0001 Iter 0453/0630 Loss 0.6931
2025-10-21 17:49:39,777 - root - INFO - CF Training: Epoch 0001 Iter 0454/0630 Loss 0.6931
2025-10-21 17:49:40,164 - root - INFO - CF Training: Epoch 0001 Iter 0455/0630 Loss 0.6931
2025-10-21 17:49:40,541 - root - INFO - CF Training: Epoch 0001 Iter 0456/0630 Loss 0.6931
2025-10-21 17:49:40,915 - root - INFO - CF Training: Epoch 0001 Iter 0457/0630 Loss 0.6931
2025-10-21 17:49:41,310 - root - INFO - CF Training: Epoch 0001 Iter 0458/0630 Loss 0.6931
2025-10-21 17:49:41,678 - root - INFO - CF Training: Epoch 0001 Iter 0459/0630 Loss 0.6931
2025-10-21 17:49:42,059 - root - INFO - CF Training: Epoch 0001 Iter 0460/0630 Loss 0.6931
2025-10-21 17:49:42,441 - root - INFO - CF Training: Epoch 0001 Iter 0461/0630 Loss 0.6931
2025-10-21 17:49:42,823 - root - INFO - CF Training: Epoch 0001 Iter 0462/0630 Loss 0.6931
2025-10-21 17:49:43,247 - root - INFO - CF Training: Epoch 0001 Iter 0463/0630 Loss 0.6931
2025-10-21 17:49:43,677 - root - INFO - CF Training: Epoch 0001 Iter 0464/0630 Loss 0.6931
2025-10-21 17:49:44,072 - root - INFO - CF Training: Epoch 0001 Iter 0465/0630 Loss 0.6931
2025-10-21 17:49:44,485 - root - INFO - CF Training: Epoch 0001 Iter 0466/0630 Loss 0.6931
2025-10-21 17:49:44,898 - root - INFO - CF Training: Epoch 0001 Iter 0467/0630 Loss 0.6931
2025-10-21 17:49:45,328 - root - INFO - CF Training: Epoch 0001 Iter 0468/0630 Loss 0.6931
2025-10-21 17:49:45,966 - root - INFO - CF Training: Epoch 0001 Iter 0469/0630 Loss 0.6931
2025-10-21 17:49:46,347 - root - INFO - CF Training: Epoch 0001 Iter 0470/0630 Loss 0.6931
2025-10-21 17:49:46,737 - root - INFO - CF Training: Epoch 0001 Iter 0471/0630 Loss 0.6931
2025-10-21 17:49:47,131 - root - INFO - CF Training: Epoch 0001 Iter 0472/0630 Loss 0.6931
2025-10-21 17:49:47,504 - root - INFO - CF Training: Epoch 0001 Iter 0473/0630 Loss 0.6931
2025-10-21 17:49:47,865 - root - INFO - CF Training: Epoch 0001 Iter 0474/0630 Loss 0.6931
2025-10-21 17:49:48,242 - root - INFO - CF Training: Epoch 0001 Iter 0475/0630 Loss 0.6931
2025-10-21 17:49:48,665 - root - INFO - CF Training: Epoch 0001 Iter 0476/0630 Loss 0.6931
2025-10-21 17:49:49,119 - root - INFO - CF Training: Epoch 0001 Iter 0477/0630 Loss 0.6931
2025-10-21 17:49:49,611 - root - INFO - CF Training: Epoch 0001 Iter 0478/0630 Loss 0.6931
2025-10-21 17:49:50,044 - root - INFO - CF Training: Epoch 0001 Iter 0479/0630 Loss 0.6931
2025-10-21 17:49:50,508 - root - INFO - CF Training: Epoch 0001 Iter 0480/0630 Loss 0.6931
2025-10-21 17:49:50,964 - root - INFO - CF Training: Epoch 0001 Iter 0481/0630 Loss 0.6931
2025-10-21 17:49:51,452 - root - INFO - CF Training: Epoch 0001 Iter 0482/0630 Loss 0.6931
2025-10-21 17:49:51,839 - root - INFO - CF Training: Epoch 0001 Iter 0483/0630 Loss 0.6931
2025-10-21 17:49:52,311 - root - INFO - CF Training: Epoch 0001 Iter 0484/0630 Loss 0.6931
2025-10-21 17:49:52,802 - root - INFO - CF Training: Epoch 0001 Iter 0485/0630 Loss 0.6931
2025-10-21 17:49:52,687 - root - INFO - CF Training: Epoch 0001 Iter 0486/0630 Loss 0.6931
2025-10-21 17:49:53,093 - root - INFO - CF Training: Epoch 0001 Iter 0487/0630 Loss 0.6931
2025-10-21 17:49:53,552 - root - INFO - CF Training: Epoch 0001 Iter 0488/0630 Loss 0.6931
2025-10-21 17:49:53,975 - root - INFO - CF Training: Epoch 0001 Iter 0489/0630 Loss 0.6931
2025-10-21 17:49:54,376 - root - INFO - CF Training: Epoch 0001 Iter 0490/0630 Loss 0.6931
2025-10-21 17:49:54,790 - root - INFO - CF Training: Epoch 0001 Iter 0491/0630 Loss 0.6931
2025-10-21 17:49:55,190 - root - INFO - CF Training: Epoch 0001 Iter 0492/0630 Loss 0.6931
2025-10-21 17:49:55,595 - root - INFO - CF Training: Epoch 0001 Iter 0493/0630 Loss 0.6931
2025-10-21 17:49:56,026 - root - INFO - CF Training: Epoch 0001 Iter 0494/0630 Loss 0.6931
2025-10-21 17:49:56,435 - root - INFO - CF Training: Epoch 0001 Iter 0495/0630 Loss 0.6931
2025-10-21 17:49:56,825 - root - INFO - CF Training: Epoch 0001 Iter 0496/0630 Loss 0.6931
2025-10-21 17:49:57,236 - root - INFO - CF Training: Epoch 0001 Iter 0497/0630 Loss 0.6931
2025-10-21 17:49:57,616 - root - INFO - CF Training: Epoch 0001 Iter 0498/0630 Loss 0.6931
2025-10-21 17:49:58,008 - root - INFO - CF Training: Epoch 0001 Iter 0499/0630 Loss 0.6931
2025-10-21 17:49:58,381 - root - INFO - CF Training: Epoch 0001 Iter 0500/0630 Loss 0.6931
2025-10-21 17:49:58,798 - root - INFO - CF Training: Epoch 0001 Iter 0501/0630 Loss 0.6931
2025-10-21 17:49:59,179 - root - INFO - CF Training: Epoch 0001 Iter 0502/0630 Loss 0.6931
2025-10-21 17:49:59,556 - root - INFO - CF Training: Epoch 0001 Iter 0503/0630 Loss 0.6931
2025-10-21 17:49:59,943 - root - INFO - CF Training: Epoch 0001 Iter 0504/0630 Loss 0.6931
2025-10-21 17:50:00,364 - root - INFO - CF Training: Epoch 0001 Iter 0505/0630 Loss 0.6931
2025-10-21 17:50:00,784 - root - INFO - CF Training: Epoch 0001 Iter 0506/0630 Loss 0.6931
2025-10-21 17:50:01,216 - root - INFO - CF Training: Epoch 0001 Iter 0507/0630 Loss 0.6931
2025-10-21 17:50:01,590 - root - INFO - CF Training: Epoch 0001 Iter 0508/0630 Loss 0.6931
2025-10-21 17:50:01,967 - root - INFO - CF Training: Epoch 0001 Iter 0509/0630 Loss 0.6931
2025-10-21 17:50:02,374 - root - INFO - CF Training: Epoch 0001 Iter 0510/0630 Loss 0.6931
2025-10-21 17:50:02,752 - root - INFO - CF Training: Epoch 0001 Iter 0511/0630 Loss 0.6931
2025-10-21 17:50:03,178 - root - INFO - CF Training: Epoch 0001 Iter 0512/0630 Loss 0.6931
2025-10-21 17:50:03,584 - root - INFO - CF Training: Epoch 0001 Iter 0513/0630 Loss 0.6931
2025-10-21 17:50:03,973 - root - INFO - CF Training: Epoch 0001 Iter 0514/0630 Loss 0.6931
2025-10-21 17:50:04,392 - root - INFO - CF Training: Epoch 0001 Iter 0515/0630 Loss 0.6931
2025-10-21 17:50:04,805 - root - INFO - CF Training: Epoch 0001 Iter 0516/0630 Loss 0.6931
2025-10-21 17:50:05,189 - root - INFO - CF Training: Epoch 0001 Iter 0517/0630 Loss 0.6931
2025-10-21 17:50:05,581 - root - INFO - CF Training: Epoch 0001 Iter 0518/0630 Loss 0.6931
2025-10-21 17:50:05,979 - root - INFO - CF Training: Epoch 0001 Iter 0519/0630 Loss 0.6931
2025-10-21 17:50:06,364 - root - INFO - CF Training: Epoch 0001 Iter 0520/0630 Loss 0.6931
2025-10-21 17:50:06,745 - root - INFO - CF Training: Epoch 0001 Iter 0521/0630 Loss 0.6931
2025-10-21 17:50:07,159 - root - INFO - CF Training: Epoch 0001 Iter 0522/0630 Loss 0.6931
2025-10-21 17:50:07,608 - root - INFO - CF Training: Epoch 0001 Iter 0523/0630 Loss 0.6931
2025-10-21 17:50:08,032 - root - INFO - CF Training: Epoch 0001 Iter 0524/0630 Loss 0.6931
2025-10-21 17:50:08,440 - root - INFO - CF Training: Epoch 0001 Iter 0525/0630 Loss 0.6931
2025-10-21 17:50:08,826 - root - INFO - CF Training: Epoch 0001 Iter 0526/0630 Loss 0.6931
2025-10-21 17:50:09,290 - root - INFO - CF Training: Epoch 0001 Iter 0527/0630 Loss 0.6931
2025-10-21 17:50:09,770 - root - INFO - CF Training: Epoch 0001 Iter 0528/0630 Loss 0.6931
2025-10-21 17:50:10,220 - root - INFO - CF Training: Epoch 0001 Iter 0529/0630 Loss 0.6931
2025-10-21 17:50:10,653 - root - INFO - CF Training: Epoch 0001 Iter 0530/0630 Loss 0.6931
2025-10-21 17:50:11,085 - root - INFO - CF Training: Epoch 0001 Iter 0531/0630 Loss 0.6931
2025-10-21 17:50:11,511 - root - INFO - CF Training: Epoch 0001 Iter 0532/0630 Loss 0.6931
2025-10-21 17:50:11,945 - root - INFO - CF Training: Epoch 0001 Iter 0533/0630 Loss 0.6931
2025-10-21 17:50:12,373 - root - INFO - CF Training: Epoch 0001 Iter 0534/0630 Loss 0.6931
2025-10-21 17:50:12,807 - root - INFO - CF Training: Epoch 0001 Iter 0535/0630 Loss 0.6931
2025-10-21 17:50:13,244 - root - INFO - CF Training: Epoch 0001 Iter 0536/0630 Loss 0.6931
2025-10-21 17:50:13,657 - root - INFO - CF Training: Epoch 0001 Iter 0537/0630 Loss 0.6931
2025-10-21 17:50:14,078 - root - INFO - CF Training: Epoch 0001 Iter 0538/0630 Loss 0.6931
2025-10-21 17:50:14,557 - root - INFO - CF Training: Epoch 0001 Iter 0539/0630 Loss 0.6931
2025-10-21 17:50:14,979 - root - INFO - CF Training: Epoch 0001 Iter 0540/0630 Loss 0.6931
2025-10-21 17:50:15,365 - root - INFO - CF Training: Epoch 0001 Iter 0541/0630 Loss 0.6931
2025-10-21 17:50:15,785 - root - INFO - CF Training: Epoch 0001 Iter 0542/0630 Loss 0.6931
2025-10-21 17:50:16,211 - root - INFO - CF Training: Epoch 0001 Iter 0543/0630 Loss 0.6931
2025-10-21 17:50:16,638 - root - INFO - CF Training: Epoch 0001 Iter 0544/0630 Loss 0.6931
2025-10-21 17:50:17,069 - root - INFO - CF Training: Epoch 0001 Iter 0545/0630 Loss 0.6931
2025-10-21 17:50:17,480 - root - INFO - CF Training: Epoch 0001 Iter 0546/0630 Loss 0.6931
2025-10-21 17:50:17,911 - root - INFO - CF Training: Epoch 0001 Iter 0547/0630 Loss 0.6931
2025-10-21 17:50:18,361 - root - INFO - CF Training: Epoch 0001 Iter 0548/0630 Loss 0.6931
2025-10-21 17:50:18,770 - root - INFO - CF Training: Epoch 0001 Iter 0549/0630 Loss 0.6931
2025-10-21 17:50:19,244 - root - INFO - CF Training: Epoch 0001 Iter 0550/0630 Loss 0.6931
2025-10-21 17:50:19,642 - root - INFO - CF Training: Epoch 0001 Iter 0551/0630 Loss 0.6931
2025-10-21 17:50:20,038 - root - INFO - CF Training: Epoch 0001 Iter 0552/0630 Loss 0.6931
2025-10-21 17:50:20,470 - root - INFO - CF Training: Epoch 0001 Iter 0553/0630 Loss 0.6931
2025-10-21 17:50:20,884 - root - INFO - CF Training: Epoch 0001 Iter 0554/0630 Loss 0.6931
2025-10-21 17:50:21,227 - root - INFO - CF Training: Epoch 0001 Iter 0555/0630 Loss 0.6931
2025-10-21 17:50:21,564 - root - INFO - CF Training: Epoch 0001 Iter 0556/0630 Loss 0.6931
2025-10-21 17:50:21,885 - root - INFO - CF Training: Epoch 0001 Iter 0557/0630 Loss 0.6931
2025-10-21 17:50:22,218 - root - INFO - CF Training: Epoch 0001 Iter 0558/0630 Loss 0.6931
2025-10-21 17:50:22,554 - root - INFO - CF Training: Epoch 0001 Iter 0559/0630 Loss 0.6931
2025-10-21 17:50:22,894 - root - INFO - CF Training: Epoch 0001 Iter 0560/0630 Loss 0.6931
2025-10-21 17:50:23,247 - root - INFO - CF Training: Epoch 0001 Iter 0561/0630 Loss 0.6931
2025-10-21 17:50:23,600 - root - INFO - CF Training: Epoch 0001 Iter 0562/0630 Loss 0.6931
2025-10-21 17:50:23,956 - root - INFO - CF Training: Epoch 0001 Iter 0563/0630 Loss 0.6931
2025-10-21 17:50:24,311 - root - INFO - CF Training: Epoch 0001 Iter 0564/0630 Loss 0.6931
2025-10-21 17:50:24,754 - root - INFO - CF Training: Epoch 0001 Iter 0565/0630 Loss 0.6931
2025-10-21 17:50:24,670 - root - INFO - CF Training: Epoch 0001 Iter 0566/0630 Loss 0.6931
2025-10-21 17:50:25,120 - root - INFO - CF Training: Epoch 0001 Iter 0567/0630 Loss 0.6931
2025-10-21 17:50:25,585 - root - INFO - CF Training: Epoch 0001 Iter 0568/0630 Loss 0.6931
2025-10-21 17:50:26,027 - root - INFO - CF Training: Epoch 0001 Iter 0569/0630 Loss 0.6931
2025-10-21 17:50:26,485 - root - INFO - CF Training: Epoch 0001 Iter 0570/0630 Loss 0.6931
2025-10-21 17:50:26,829 - root - INFO - CF Training: Epoch 0001 Iter 0571/0630 Loss 0.6931
2025-10-21 17:50:27,174 - root - INFO - CF Training: Epoch 0001 Iter 0572/0630 Loss 0.6931
2025-10-21 17:50:27,507 - root - INFO - CF Training: Epoch 0001 Iter 0573/0630 Loss 0.6931
2025-10-21 17:50:27,843 - root - INFO - CF Training: Epoch 0001 Iter 0574/0630 Loss 0.6931
2025-10-21 17:50:28,182 - root - INFO - CF Training: Epoch 0001 Iter 0575/0630 Loss 0.6931
2025-10-21 17:50:28,618 - root - INFO - CF Training: Epoch 0001 Iter 0576/0630 Loss 0.6931
2025-10-21 17:50:29,039 - root - INFO - CF Training: Epoch 0001 Iter 0577/0630 Loss 0.6931
2025-10-21 17:50:29,449 - root - INFO - CF Training: Epoch 0001 Iter 0578/0630 Loss 0.6931
2025-10-21 17:50:29,875 - root - INFO - CF Training: Epoch 0001 Iter 0579/0630 Loss 0.6931
2025-10-21 17:50:30,213 - root - INFO - CF Training: Epoch 0001 Iter 0580/0630 Loss 0.6931
2025-10-21 17:50:30,551 - root - INFO - CF Training: Epoch 0001 Iter 0581/0630 Loss 0.6931
2025-10-21 17:50:30,876 - root - INFO - CF Training: Epoch 0001 Iter 0582/0630 Loss 0.6931
2025-10-21 17:50:31,202 - root - INFO - CF Training: Epoch 0001 Iter 0583/0630 Loss 0.6931
2025-10-21 17:50:31,541 - root - INFO - CF Training: Epoch 0001 Iter 0584/0630 Loss 0.6931
2025-10-21 17:50:31,875 - root - INFO - CF Training: Epoch 0001 Iter 0585/0630 Loss 0.6931
2025-10-21 17:50:32,213 - root - INFO - CF Training: Epoch 0001 Iter 0586/0630 Loss 0.6931
2025-10-21 17:50:32,577 - root - INFO - CF Training: Epoch 0001 Iter 0587/0630 Loss 0.6931
2025-10-21 17:50:33,002 - root - INFO - CF Training: Epoch 0001 Iter 0588/0630 Loss 0.6931
2025-10-21 17:50:33,445 - root - INFO - CF Training: Epoch 0001 Iter 0589/0630 Loss 0.6931
2025-10-21 17:50:33,867 - root - INFO - CF Training: Epoch 0001 Iter 0590/0630 Loss 0.6931
2025-10-21 17:50:34,295 - root - INFO - CF Training: Epoch 0001 Iter 0591/0630 Loss 0.6931
2025-10-21 17:50:34,715 - root - INFO - CF Training: Epoch 0001 Iter 0592/0630 Loss 0.6931
2025-10-21 17:50:35,130 - root - INFO - CF Training: Epoch 0001 Iter 0593/0630 Loss 0.6931
2025-10-21 17:50:35,549 - root - INFO - CF Training: Epoch 0001 Iter 0594/0630 Loss 0.6931
2025-10-21 17:50:35,872 - root - INFO - CF Training: Epoch 0001 Iter 0595/0630 Loss 0.6931
2025-10-21 17:50:36,190 - root - INFO - CF Training: Epoch 0001 Iter 0596/0630 Loss 0.6931
2025-10-21 17:50:36,502 - root - INFO - CF Training: Epoch 0001 Iter 0597/0630 Loss 0.6931
2025-10-21 17:50:36,831 - root - INFO - CF Training: Epoch 0001 Iter 0598/0630 Loss 0.6931
2025-10-21 17:50:37,144 - root - INFO - CF Training: Epoch 0001 Iter 0599/0630 Loss 0.6931
2025-10-21 17:50:37,560 - root - INFO - CF Training: Epoch 0001 Iter 0600/0630 Loss 0.6931
2025-10-21 17:50:37,979 - root - INFO - CF Training: Epoch 0001 Iter 0601/0630 Loss 0.6931
2025-10-21 17:50:38,393 - root - INFO - CF Training: Epoch 0001 Iter 0602/0630 Loss 0.6931
2025-10-21 17:50:38,808 - root - INFO - CF Training: Epoch 0001 Iter 0603/0630 Loss 0.6931
2025-10-21 17:50:39,127 - root - INFO - CF Training: Epoch 0001 Iter 0604/0630 Loss 0.6931
2025-10-21 17:50:39,447 - root - INFO - CF Training: Epoch 0001 Iter 0605/0630 Loss 0.6931
2025-10-21 17:50:39,771 - root - INFO - CF Training: Epoch 0001 Iter 0606/0630 Loss 0.6931
2025-10-21 17:50:40,101 - root - INFO - CF Training: Epoch 0001 Iter 0607/0630 Loss 0.6931
2025-10-21 17:50:40,421 - root - INFO - CF Training: Epoch 0001 Iter 0608/0630 Loss 0.6931
2025-10-21 17:50:40,768 - root - INFO - CF Training: Epoch 0001 Iter 0609/0630 Loss 0.6931
2025-10-21 17:50:41,115 - root - INFO - CF Training: Epoch 0001 Iter 0610/0630 Loss 0.6931
2025-10-21 17:50:41,505 - root - INFO - CF Training: Epoch 0001 Iter 0611/0630 Loss 0.6931
2025-10-21 17:50:41,880 - root - INFO - CF Training: Epoch 0001 Iter 0612/0630 Loss 0.6931
2025-10-21 17:50:42,266 - root - INFO - CF Training: Epoch 0001 Iter 0613/0630 Loss 0.6931
2025-10-21 17:50:42,639 - root - INFO - CF Training: Epoch 0001 Iter 0614/0630 Loss 0.6931
2025-10-21 17:50:43,021 - root - INFO - CF Training: Epoch 0001 Iter 0615/0630 Loss 0.6931
2025-10-21 17:50:43,405 - root - INFO - CF Training: Epoch 0001 Iter 0616/0630 Loss 0.6931
2025-10-21 17:50:43,777 - root - INFO - CF Training: Epoch 0001 Iter 0617/0630 Loss 0.6931
2025-10-21 17:50:44,152 - root - INFO - CF Training: Epoch 0001 Iter 0618/0630 Loss 0.6931
2025-10-21 17:50:44,647 - root - INFO - CF Training: Epoch 0001 Iter 0619/0630 Loss 0.6931
2025-10-21 17:50:45,100 - root - INFO - CF Training: Epoch 0001 Iter 0620/0630 Loss 0.6931
2025-10-21 17:50:45,569 - root - INFO - CF Training: Epoch 0001 Iter 0621/0630 Loss 0.6931
2025-10-21 17:50:46,017 - root - INFO - CF Training: Epoch 0001 Iter 0622/0630 Loss 0.6931
2025-10-21 17:50:46,464 - root - INFO - CF Training: Epoch 0001 Iter 0623/0630 Loss 0.6931
2025-10-21 17:50:46,969 - root - INFO - CF Training: Epoch 0001 Iter 0624/0630 Loss 0.6931
2025-10-21 17:50:47,464 - root - INFO - CF Training: Epoch 0001 Iter 0625/0630 Loss 0.6931
2025-10-21 17:50:47,910 - root - INFO - CF Training: Epoch 0001 Iter 0626/0630 Loss 0.6931
2025-10-21 17:50:48,362 - root - INFO - CF Training: Epoch 0001 Iter 0627/0630 Loss 0.6931
2025-10-21 17:50:48,807 - root - INFO - CF Training: Epoch 0001 Iter 0628/0630 Loss 0.6931
2025-10-21 17:50:49,150 - root - INFO - CF Training: Epoch 0001 Iter 0629/0630 Loss 0.6931
2025-10-21 17:50:49,496 - root - INFO - CF Training: Epoch 0001 Iter 0630/0630 Loss 0.6931
2025-10-21 17:50:49,496 - root - INFO - CF Training: Epoch 0001 | Total Iter 630 | Mean Loss 0.6932
2025-10-21 17:50:49,496 - root - INFO - Epoch 0001 | Total Time 260.7s
